<?xml version="1.0" encoding="UTF-8"?>
<!-- Generated by org.testng.reporters.JUnitReportReporter -->
<testsuite hostname="DESKTOP-1MEML7A" failures="0" tests="1" name="Ecommerce.ErrorCheck" time="39.884" errors="0" timestamp="2024-05-21T20:25:52 IST" skipped="0">
  <testcase classname="Ecommerce.ErrorCheck" name="ErrorCheckd" time="39.884"/>
  <system-out/>
</testsuite> <!-- Ecommerce.ErrorCheck -->
