<?xml version="1.0" encoding="UTF-8"?>
<!-- Generated by org.testng.reporters.JUnitReportReporter -->
<testsuite hostname="DESKTOP-1MEML7A" failures="0" tests="1" name="Ecommerce.MyntraShopping" time="81.214" errors="0" timestamp="2024-04-10T16:10:38 IST" skipped="0">
  <testcase classname="Ecommerce.MyntraShopping" name="MyntraShoppingTestCase" time="81.214"/>
  <system-out/>
</testsuite> <!-- Ecommerce.MyntraShopping -->
